<?xml version="1.0" encoding="UTF-8"?>
<testng-results skipped="0" failed="0" ignored="0" total="5" passed="5">
  <reporter-output>
  </reporter-output>
  <suite name="Default suite" duration-ms="50876" started-at="2018-09-30T23:38:25Z" finished-at="2018-09-30T23:39:16Z">
    <groups>
    </groups>
    <test name="Default test" duration-ms="50876" started-at="2018-09-30T23:38:25Z" finished-at="2018-09-30T23:39:16Z">
      <class name="com.virginmoney.OneYrFixedRateCashEISATest">
        <test-method status="PASS" signature="canGoTo1YrFRCEISAPage()[pri:0, instance:com.virginmoney.OneYrFixedRateCashEISATest@58651fd0]" name="canGoTo1YrFRCEISAPage" duration-ms="10710" started-at="2018-10-01T00:38:25Z" finished-at="2018-10-01T00:38:36Z">
          <reporter-output>
          </reporter-output>
        </test-method> <!-- canGoTo1YrFRCEISAPage -->
        <test-method status="PASS" signature="cleanUp()[pri:0, instance:com.virginmoney.OneYrFixedRateCashEISATest@58651fd0]" name="cleanUp" is-config="true" duration-ms="683" started-at="2018-10-01T00:38:36Z" finished-at="2018-10-01T00:38:37Z">
          <reporter-output>
          </reporter-output>
        </test-method> <!-- cleanUp -->
        <test-method status="PASS" signature="canValidateDoubleTakeEISALink()[pri:0, instance:com.virginmoney.OneYrFixedRateCashEISATest@58651fd0]" name="canValidateDoubleTakeEISALink" duration-ms="9853" started-at="2018-10-01T00:38:37Z" finished-at="2018-10-01T00:38:47Z">
          <reporter-output>
          </reporter-output>
        </test-method> <!-- canValidateDoubleTakeEISALink -->
        <test-method status="PASS" signature="cleanUp()[pri:0, instance:com.virginmoney.OneYrFixedRateCashEISATest@58651fd0]" name="cleanUp" is-config="true" duration-ms="757" started-at="2018-10-01T00:38:47Z" finished-at="2018-10-01T00:38:47Z">
          <reporter-output>
          </reporter-output>
        </test-method> <!-- cleanUp -->
        <test-method status="PASS" signature="canValidateIsaTransferLink()[pri:0, instance:com.virginmoney.OneYrFixedRateCashEISATest@58651fd0]" name="canValidateIsaTransferLink" duration-ms="10124" started-at="2018-10-01T00:38:47Z" finished-at="2018-10-01T00:38:57Z">
          <reporter-output>
          </reporter-output>
        </test-method> <!-- canValidateIsaTransferLink -->
        <test-method status="PASS" signature="cleanUp()[pri:0, instance:com.virginmoney.OneYrFixedRateCashEISATest@58651fd0]" name="cleanUp" is-config="true" duration-ms="696" started-at="2018-10-01T00:38:57Z" finished-at="2018-10-01T00:38:58Z">
          <reporter-output>
          </reporter-output>
        </test-method> <!-- cleanUp -->
        <test-method status="PASS" signature="canValidateRateCard()[pri:0, instance:com.virginmoney.OneYrFixedRateCashEISATest@58651fd0]" name="canValidateRateCard" duration-ms="8297" started-at="2018-10-01T00:38:58Z" finished-at="2018-10-01T00:39:06Z">
          <reporter-output>
          </reporter-output>
        </test-method> <!-- canValidateRateCard -->
        <test-method status="PASS" signature="cleanUp()[pri:0, instance:com.virginmoney.OneYrFixedRateCashEISATest@58651fd0]" name="cleanUp" is-config="true" duration-ms="676" started-at="2018-10-01T00:39:06Z" finished-at="2018-10-01T00:39:07Z">
          <reporter-output>
          </reporter-output>
        </test-method> <!-- cleanUp -->
        <test-method status="PASS" signature="canValidateShortIntro()[pri:0, instance:com.virginmoney.OneYrFixedRateCashEISATest@58651fd0]" name="canValidateShortIntro" duration-ms="8361" started-at="2018-10-01T00:39:07Z" finished-at="2018-10-01T00:39:15Z">
          <reporter-output>
          </reporter-output>
        </test-method> <!-- canValidateShortIntro -->
        <test-method status="PASS" signature="cleanUp()[pri:0, instance:com.virginmoney.OneYrFixedRateCashEISATest@58651fd0]" name="cleanUp" is-config="true" duration-ms="668" started-at="2018-10-01T00:39:15Z" finished-at="2018-10-01T00:39:16Z">
          <reporter-output>
          </reporter-output>
        </test-method> <!-- cleanUp -->
      </class> <!-- com.virginmoney.OneYrFixedRateCashEISATest -->
    </test> <!-- Default test -->
  </suite> <!-- Default suite -->
</testng-results>
