<?xml version="1.0" encoding="UTF-8"?>
<testng-results skipped="0" failed="0" total="1" passed="1">
  <reporter-output>
  </reporter-output>
  <suite name="Default suite" duration-ms="3188" started-at="2018-10-02T23:42:37Z" finished-at="2018-10-02T23:42:40Z">
    <groups>
    </groups>
    <test name="Default test" duration-ms="3188" started-at="2018-10-02T23:42:37Z" finished-at="2018-10-02T23:42:40Z">
      <class name="com.NotePadTest">
        <test-method status="PASS" signature="init()[pri:0, instance:com.NotePadTest@7f9a81e8]" name="init" is-config="true" duration-ms="1547" started-at="2018-10-03T00:42:37Z" finished-at="2018-10-03T00:42:38Z">
          <reporter-output>
          </reporter-output>
        </test-method> <!-- init -->
        <test-method status="PASS" signature="testNotePad()[pri:0, instance:com.NotePadTest@7f9a81e8]" name="testNotePad" duration-ms="1600" started-at="2018-10-03T00:42:38Z" finished-at="2018-10-03T00:42:40Z">
          <reporter-output>
          </reporter-output>
        </test-method> <!-- testNotePad -->
      </class> <!-- com.NotePadTest -->
    </test> <!-- Default test -->
  </suite> <!-- Default suite -->
</testng-results>
