<?xml version="1.0" encoding="UTF-8"?>
<testng-results skipped="0" failed="0" ignored="0" total="15" passed="15">
  <reporter-output>
  </reporter-output>
  <suite name="Default suite" duration-ms="194923" started-at="2018-10-24T22:29:30Z" finished-at="2018-10-24T22:32:45Z">
    <groups>
    </groups>
    <test name="Default test" duration-ms="194923" started-at="2018-10-24T22:29:30Z" finished-at="2018-10-24T22:32:45Z">
      <class name="com.virginmoney.OneYrFixedRateCashEISATest">
        <test-method status="PASS" signature="canGoTo1YrFRCEISAPage()[pri:1, instance:com.virginmoney.OneYrFixedRateCashEISATest@4f933fd1]" name="canGoTo1YrFRCEISAPage" duration-ms="10466" started-at="2018-10-24T23:29:30Z" finished-at="2018-10-24T23:29:41Z">
          <reporter-output>
          </reporter-output>
        </test-method> <!-- canGoTo1YrFRCEISAPage -->
        <test-method status="PASS" signature="cleanUp()[pri:0, instance:com.virginmoney.OneYrFixedRateCashEISATest@4f933fd1]" name="cleanUp" is-config="true" duration-ms="680" started-at="2018-10-24T23:29:41Z" finished-at="2018-10-24T23:29:41Z">
          <reporter-output>
          </reporter-output>
        </test-method> <!-- cleanUp -->
        <test-method status="PASS" signature="canValidateSummaryBoxPdf()[pri:2, instance:com.virginmoney.OneYrFixedRateCashEISATest@4f933fd1]" name="canValidateSummaryBoxPdf" duration-ms="11366" started-at="2018-10-24T23:29:41Z" finished-at="2018-10-24T23:29:53Z">
          <reporter-output>
          </reporter-output>
        </test-method> <!-- canValidateSummaryBoxPdf -->
        <test-method status="PASS" signature="cleanUp()[pri:0, instance:com.virginmoney.OneYrFixedRateCashEISATest@4f933fd1]" name="cleanUp" is-config="true" duration-ms="708" started-at="2018-10-24T23:29:53Z" finished-at="2018-10-24T23:29:53Z">
          <reporter-output>
          </reporter-output>
        </test-method> <!-- cleanUp -->
        <test-method status="PASS" signature="canValidatePdf()[pri:3, instance:com.virginmoney.OneYrFixedRateCashEISATest@4f933fd1]" name="canValidatePdf" duration-ms="11155" started-at="2018-10-24T23:29:53Z" finished-at="2018-10-24T23:30:05Z">
          <reporter-output>
          </reporter-output>
        </test-method> <!-- canValidatePdf -->
        <test-method status="PASS" signature="cleanUp()[pri:0, instance:com.virginmoney.OneYrFixedRateCashEISATest@4f933fd1]" name="cleanUp" is-config="true" duration-ms="704" started-at="2018-10-24T23:30:05Z" finished-at="2018-10-24T23:30:05Z">
          <reporter-output>
          </reporter-output>
        </test-method> <!-- cleanUp -->
        <test-method status="PASS" signature="canValidateTCPdf()[pri:4, instance:com.virginmoney.OneYrFixedRateCashEISATest@4f933fd1]" name="canValidateTCPdf" duration-ms="10682" started-at="2018-10-24T23:30:05Z" finished-at="2018-10-24T23:30:16Z">
          <reporter-output>
          </reporter-output>
        </test-method> <!-- canValidateTCPdf -->
        <test-method status="PASS" signature="cleanUp()[pri:0, instance:com.virginmoney.OneYrFixedRateCashEISATest@4f933fd1]" name="cleanUp" is-config="true" duration-ms="699" started-at="2018-10-24T23:30:16Z" finished-at="2018-10-24T23:30:17Z">
          <reporter-output>
          </reporter-output>
        </test-method> <!-- cleanUp -->
        <test-method status="PASS" signature="canValidateFscsPdf()[pri:5, instance:com.virginmoney.OneYrFixedRateCashEISATest@4f933fd1]" name="canValidateFscsPdf" duration-ms="11518" started-at="2018-10-24T23:30:17Z" finished-at="2018-10-24T23:30:28Z">
          <reporter-output>
          </reporter-output>
        </test-method> <!-- canValidateFscsPdf -->
        <test-method status="PASS" signature="cleanUp()[pri:0, instance:com.virginmoney.OneYrFixedRateCashEISATest@4f933fd1]" name="cleanUp" is-config="true" duration-ms="692" started-at="2018-10-24T23:30:28Z" finished-at="2018-10-24T23:30:29Z">
          <reporter-output>
          </reporter-output>
        </test-method> <!-- cleanUp -->
        <test-method status="PASS" signature="canValidateFSCSImage()[pri:6, instance:com.virginmoney.OneYrFixedRateCashEISATest@4f933fd1]" name="canValidateFSCSImage" duration-ms="7969" started-at="2018-10-24T23:30:29Z" finished-at="2018-10-24T23:30:37Z">
          <reporter-output>
          </reporter-output>
        </test-method> <!-- canValidateFSCSImage -->
        <test-method status="PASS" signature="cleanUp()[pri:0, instance:com.virginmoney.OneYrFixedRateCashEISATest@4f933fd1]" name="cleanUp" is-config="true" duration-ms="771" started-at="2018-10-24T23:30:37Z" finished-at="2018-10-24T23:30:38Z">
          <reporter-output>
          </reporter-output>
        </test-method> <!-- cleanUp -->
        <test-method status="PASS" signature="canValidateHelp_GuideImage()[pri:7, instance:com.virginmoney.OneYrFixedRateCashEISATest@4f933fd1]" name="canValidateHelp_GuideImage" duration-ms="7890" started-at="2018-10-24T23:30:38Z" finished-at="2018-10-24T23:30:46Z">
          <reporter-output>
          </reporter-output>
        </test-method> <!-- canValidateHelp_GuideImage -->
        <test-method status="PASS" signature="cleanUp()[pri:0, instance:com.virginmoney.OneYrFixedRateCashEISATest@4f933fd1]" name="cleanUp" is-config="true" duration-ms="657" started-at="2018-10-24T23:30:46Z" finished-at="2018-10-24T23:30:46Z">
          <reporter-output>
          </reporter-output>
        </test-method> <!-- cleanUp -->
        <test-method status="PASS" signature="canValidateApplyNow()[pri:8, instance:com.virginmoney.OneYrFixedRateCashEISATest@4f933fd1]" name="canValidateApplyNow" duration-ms="14721" started-at="2018-10-24T23:30:46Z" finished-at="2018-10-24T23:31:01Z">
          <reporter-output>
          </reporter-output>
        </test-method> <!-- canValidateApplyNow -->
        <test-method status="PASS" signature="cleanUp()[pri:0, instance:com.virginmoney.OneYrFixedRateCashEISATest@4f933fd1]" name="cleanUp" is-config="true" duration-ms="710" started-at="2018-10-24T23:31:01Z" finished-at="2018-10-24T23:31:02Z">
          <reporter-output>
          </reporter-output>
        </test-method> <!-- cleanUp -->
        <test-method status="PASS" signature="canValidateReadSummaryBoxLink()[pri:9, instance:com.virginmoney.OneYrFixedRateCashEISATest@4f933fd1]" name="canValidateReadSummaryBoxLink" duration-ms="20133" started-at="2018-10-24T23:31:02Z" finished-at="2018-10-24T23:31:22Z">
          <reporter-output>
          </reporter-output>
        </test-method> <!-- canValidateReadSummaryBoxLink -->
        <test-method status="PASS" signature="cleanUp()[pri:0, instance:com.virginmoney.OneYrFixedRateCashEISATest@4f933fd1]" name="cleanUp" is-config="true" duration-ms="767" started-at="2018-10-24T23:31:22Z" finished-at="2018-10-24T23:31:23Z">
          <reporter-output>
          </reporter-output>
        </test-method> <!-- cleanUp -->
        <test-method status="PASS" signature="canValidateSignInAndApply()[pri:10, instance:com.virginmoney.OneYrFixedRateCashEISATest@4f933fd1]" name="canValidateSignInAndApply" duration-ms="12053" started-at="2018-10-24T23:31:23Z" finished-at="2018-10-24T23:31:35Z">
          <reporter-output>
          </reporter-output>
        </test-method> <!-- canValidateSignInAndApply -->
        <test-method status="PASS" signature="cleanUp()[pri:0, instance:com.virginmoney.OneYrFixedRateCashEISATest@4f933fd1]" name="cleanUp" is-config="true" duration-ms="807" started-at="2018-10-24T23:31:35Z" finished-at="2018-10-24T23:31:35Z">
          <reporter-output>
          </reporter-output>
        </test-method> <!-- cleanUp -->
        <test-method status="PASS" signature="canValidateContent()[pri:11, instance:com.virginmoney.OneYrFixedRateCashEISATest@4f933fd1]" name="canValidateContent" duration-ms="35340" started-at="2018-10-24T23:31:35Z" finished-at="2018-10-24T23:32:11Z">
          <reporter-output>
          </reporter-output>
        </test-method> <!-- canValidateContent -->
        <test-method status="PASS" signature="cleanUp()[pri:0, instance:com.virginmoney.OneYrFixedRateCashEISATest@4f933fd1]" name="cleanUp" is-config="true" duration-ms="707" started-at="2018-10-24T23:32:11Z" finished-at="2018-10-24T23:32:11Z">
          <reporter-output>
          </reporter-output>
        </test-method> <!-- cleanUp -->
        <test-method status="PASS" signature="canValidateApplyButton()[pri:12, instance:com.virginmoney.OneYrFixedRateCashEISATest@4f933fd1]" name="canValidateApplyButton" duration-ms="8429" started-at="2018-10-24T23:32:11Z" finished-at="2018-10-24T23:32:20Z">
          <reporter-output>
          </reporter-output>
        </test-method> <!-- canValidateApplyButton -->
        <test-method status="PASS" signature="cleanUp()[pri:0, instance:com.virginmoney.OneYrFixedRateCashEISATest@4f933fd1]" name="cleanUp" is-config="true" duration-ms="748" started-at="2018-10-24T23:32:20Z" finished-at="2018-10-24T23:32:21Z">
          <reporter-output>
          </reporter-output>
        </test-method> <!-- cleanUp -->
        <test-method status="PASS" signature="canValidateRateCard()[pri:13, instance:com.virginmoney.OneYrFixedRateCashEISATest@4f933fd1]" name="canValidateRateCard" duration-ms="7499" started-at="2018-10-24T23:32:21Z" finished-at="2018-10-24T23:32:28Z">
          <reporter-output>
          </reporter-output>
        </test-method> <!-- canValidateRateCard -->
        <test-method status="PASS" signature="cleanUp()[pri:0, instance:com.virginmoney.OneYrFixedRateCashEISATest@4f933fd1]" name="cleanUp" is-config="true" duration-ms="774" started-at="2018-10-24T23:32:28Z" finished-at="2018-10-24T23:32:29Z">
          <reporter-output>
          </reporter-output>
        </test-method> <!-- cleanUp -->
        <test-method status="PASS" signature="canValidateShortIntro()[pri:14, instance:com.virginmoney.OneYrFixedRateCashEISATest@4f933fd1]" name="canValidateShortIntro" duration-ms="7249" started-at="2018-10-24T23:32:29Z" finished-at="2018-10-24T23:32:36Z">
          <reporter-output>
          </reporter-output>
        </test-method> <!-- canValidateShortIntro -->
        <test-method status="PASS" signature="cleanUp()[pri:0, instance:com.virginmoney.OneYrFixedRateCashEISATest@4f933fd1]" name="cleanUp" is-config="true" duration-ms="669" started-at="2018-10-24T23:32:36Z" finished-at="2018-10-24T23:32:37Z">
          <reporter-output>
          </reporter-output>
        </test-method> <!-- cleanUp -->
        <test-method status="PASS" signature="canValidateProductName()[pri:15, instance:com.virginmoney.OneYrFixedRateCashEISATest@4f933fd1]" name="canValidateProductName" duration-ms="7597" started-at="2018-10-24T23:32:37Z" finished-at="2018-10-24T23:32:44Z">
          <reporter-output>
          </reporter-output>
        </test-method> <!-- canValidateProductName -->
        <test-method status="PASS" signature="cleanUp()[pri:0, instance:com.virginmoney.OneYrFixedRateCashEISATest@4f933fd1]" name="cleanUp" is-config="true" duration-ms="693" started-at="2018-10-24T23:32:44Z" finished-at="2018-10-24T23:32:45Z">
          <reporter-output>
          </reporter-output>
        </test-method> <!-- cleanUp -->
      </class> <!-- com.virginmoney.OneYrFixedRateCashEISATest -->
    </test> <!-- Default test -->
  </suite> <!-- Default suite -->
</testng-results>
