<?xml version="1.0" encoding="UTF-8"?>
<!-- Generated by org.testng.reporters.JUnitXMLReporter -->
<testsuite hostname="Latitude" ignored="0" name="Test" tests="16" failures="0" timestamp="30 Sep 2018 23:06:22 GMT" time="160.78" errors="0">
  <testcase name="canGoToFasPage" time="12.081" classname="com.virginmoney.FasTest"/>
  <testcase name="canGoToFasPage" time="9.597" classname="com.virginmoney.SmokeTest"/>
  <testcase name="canGoToOneYrFixedRateEBondPage" time="10.147" classname="com.virginmoney.OneYrFixedRateEBondTest"/>
  <testcase name="canGoTo2YrFRCEISAPage" time="9.108" classname="com.virginmoney.TwoYrFixedRateCashEISATest2"/>
  <testcase name="canGoToDoubleTakeESaverPage" time="8.535" classname="com.virginmoney.DoubleTakeESaverTest"/>
  <testcase name="canGoToHelpToBuyPage" time="9.267" classname="com.virginmoney.HelpToBuyTest"/>
  <testcase name="canGoToManUtdDoubleTakeEISAPage" time="7.572" classname="com.virginmoney.ManUtdDoubleTakeEISATest"/>
  <testcase name="canGoTo5YrFRCEISAPage" time="7.641" classname="com.virginmoney.FiveYrFixedRateCashEISATest"/>
  <testcase name="canGoToFiveYrFixedRateEBondPage" time="7.655" classname="com.virginmoney.FiveYrFixedRateEBondTest"/>
  <testcase name="canGoToSavingsToBuyPage" time="7.956" classname="com.virginmoney.SavingsToBuyTest"/>
  <testcase name="canGoTo1YrFRCEISAPage" time="10.165" classname="com.virginmoney.OneYrFixedRateCashEISATest"/>
  <testcase name="canValidateDoubleTakeEISALink" time="12.797" classname="com.virginmoney.OneYrFixedRateCashEISATest"/>
  <testcase name="canValidateRateCard" time="9.322" classname="com.virginmoney.OneYrFixedRateCashEISATest"/>
  <testcase name="canValidateShortIntro" time="8.565" classname="com.virginmoney.OneYrFixedRateCashEISATest"/>
  <testcase name="canGoToDoubleTakeEISAPage" time="10.637" classname="com.virginmoney.DoubleTakeEISATest"/>
  <testcase name="canGoToManUtdDoubleTakeESaverPage" time="9.028" classname="com.virginmoney.ManUtdDoubleTakeESaverTest"/>
</testsuite> <!-- Test -->
