<?xml version="1.0" encoding="UTF-8"?>
<!-- Generated by org.testng.reporters.JUnitXMLReporter -->
<testsuite hostname="Latitude" ignored="0" name="Default test" tests="5" failures="0" timestamp="01 Oct 2018 21:53:10 GMT" time="53.65" errors="0">
  <testcase name="canGoTo1YrFRCEISAPage" time="11.007" classname="com.virginmoney.OneYrFixedRateCashEISATest"/>
  <testcase name="canValidateDoubleTakeEISALink" time="11.899" classname="com.virginmoney.OneYrFixedRateCashEISATest"/>
  <testcase name="canValidateIsaTransferLink" time="10.389" classname="com.virginmoney.OneYrFixedRateCashEISATest"/>
  <testcase name="canValidateRateCard" time="7.628" classname="com.virginmoney.OneYrFixedRateCashEISATest"/>
  <testcase name="canValidateShortIntro" time="9.133" classname="com.virginmoney.OneYrFixedRateCashEISATest"/>
</testsuite> <!-- Default test -->
