<?xml version="1.0" encoding="UTF-8"?>
<!-- Generated by org.testng.reporters.JUnitXMLReporter -->
<testsuite hostname="Latitude" ignored="0" name="Test" tests="17" failures="1" timestamp="02 Oct 2018 15:19:11 GMT" time="173.576" errors="0">
  <testcase name="canGoToFasPage" time="15.535" classname="com.virginmoney.FasTest">
    <failure type="org.openqa.selenium.TimeoutException" message="timeout
  (Session info: chrome=69.0.3497.100)
  (Driver info: chromedriver=2.37.544315 (730aa6a5fdba159ac9f4c1e8cbc59bf1b5ce12b7),platform=Windows NT 10.0.17134 x86_64) (WARNING: The server did not provide any stacktrace information)
Command duration or timeout: 0 milliseconds
Build info: version: &amp;apos;3.14.0&amp;apos;, revision: &amp;apos;aacccce0&amp;apos;, time: &amp;apos;2018-08-02T20:19:58.91Z&amp;apos;
System info: host: &amp;apos;LATITUDE&amp;apos;, ip: &amp;apos;192.168.213.1&amp;apos;, os.name: &amp;apos;Windows 10&amp;apos;, os.arch: &amp;apos;amd64&amp;apos;, os.version: &amp;apos;10.0&amp;apos;, java.version: &amp;apos;1.8.0_131&amp;apos;
Driver info: org.openqa.selenium.chrome.ChromeDriver
Capabilities {acceptInsecureCerts: false, acceptSslCerts: false, applicationCacheEnabled: false, browserConnectionEnabled: false, browserName: chrome, chrome: {chromedriverVersion: 2.37.544315 (730aa6a5fdba15..., userDataDir: C:\Users\ashwajit\AppData\L...}, cssSelectorsEnabled: true, databaseEnabled: false, handlesAlerts: true, hasTouchScreen: false, javascriptEnabled: true, locationContextEnabled: true, mobileEmulationEnabled: false, nativeEvents: true, networkConnectionEnabled: false, pageLoadStrategy: normal, platform: XP, platformName: XP, rotatable: false, setWindowRect: true, takesHeapSnapshot: true, takesScreenshot: true, unexpectedAlertBehaviour: , unhandledPromptBehavior: , version: 69.0.3497.100, webStorageEnabled: true}
Session ID: c7ac79a56f4948e6080fd5dacf2dbfce">
      <![CDATA[org.openqa.selenium.TimeoutException: timeout
  (Session info: chrome=69.0.3497.100)
  (Driver info: chromedriver=2.37.544315 (730aa6a5fdba159ac9f4c1e8cbc59bf1b5ce12b7),platform=Windows NT 10.0.17134 x86_64) (WARNING: The server did not provide any stacktrace information)
Command duration or timeout: 0 milliseconds
Build info: version: '3.14.0', revision: 'aacccce0', time: '2018-08-02T20:19:58.91Z'
System info: host: 'LATITUDE', ip: '192.168.213.1', os.name: 'Windows 10', os.arch: 'amd64', os.version: '10.0', java.version: '1.8.0_131'
Driver info: org.openqa.selenium.chrome.ChromeDriver
Capabilities {acceptInsecureCerts: false, acceptSslCerts: false, applicationCacheEnabled: false, browserConnectionEnabled: false, browserName: chrome, chrome: {chromedriverVersion: 2.37.544315 (730aa6a5fdba15..., userDataDir: C:\Users\ashwajit\AppData\L...}, cssSelectorsEnabled: true, databaseEnabled: false, handlesAlerts: true, hasTouchScreen: false, javascriptEnabled: true, locationContextEnabled: true, mobileEmulationEnabled: false, nativeEvents: true, networkConnectionEnabled: false, pageLoadStrategy: normal, platform: XP, platformName: XP, rotatable: false, setWindowRect: true, takesHeapSnapshot: true, takesScreenshot: true, unexpectedAlertBehaviour: , unhandledPromptBehavior: , version: 69.0.3497.100, webStorageEnabled: true}
Session ID: c7ac79a56f4948e6080fd5dacf2dbfce
	at org.openqa.selenium.remote.ErrorHandler.createThrowable(ErrorHandler.java:214)
	at org.openqa.selenium.remote.ErrorHandler.throwIfResponseFailed(ErrorHandler.java:166)
	at org.openqa.selenium.remote.http.JsonHttpResponseCodec.reconstructValue(JsonHttpResponseCodec.java:40)
	at org.openqa.selenium.remote.http.AbstractHttpResponseCodec.decode(AbstractHttpResponseCodec.java:80)
	at org.openqa.selenium.remote.http.AbstractHttpResponseCodec.decode(AbstractHttpResponseCodec.java:44)
	at org.openqa.selenium.remote.HttpCommandExecutor.execute(HttpCommandExecutor.java:158)
	at org.openqa.selenium.remote.service.DriverCommandExecutor.execute(DriverCommandExecutor.java:83)
	at org.openqa.selenium.remote.RemoteWebDriver.execute(RemoteWebDriver.java:548)
	at org.openqa.selenium.remote.RemoteWebDriver.get(RemoteWebDriver.java:276)
	at com.virginmoney.Browser.goTo(Browser.java:46)
	at com.virginmoney.FasPage.goTo(FasPage.java:12)
	at com.virginmoney.FasTest.canGoToFasPage(FasTest.java:11)
... Removed 29 stack frames]]>
    </failure>
  </testcase> <!-- canGoToFasPage -->
  <testcase name="canGoToFasPage" time="7.717" classname="com.virginmoney.SmokeTest"/>
  <testcase name="canGoToOneYrFixedRateEBondPage" time="8.655" classname="com.virginmoney.OneYrFixedRateEBondTest"/>
  <testcase name="canGoTo2YrFRCEISAPage" time="8.103" classname="com.virginmoney.TwoYrFixedRateCashEISATest2"/>
  <testcase name="canGoToDoubleTakeESaverPage" time="7.445" classname="com.virginmoney.DoubleTakeESaverTest"/>
  <testcase name="canGoToHelpToBuyPage" time="8.462" classname="com.virginmoney.HelpToBuyTest"/>
  <testcase name="canGoToManUtdDoubleTakeEISAPage" time="13.361" classname="com.virginmoney.ManUtdDoubleTakeEISATest"/>
  <testcase name="canGoTo5YrFRCEISAPage" time="7.974" classname="com.virginmoney.FiveYrFixedRateCashEISATest"/>
  <testcase name="canGoToFiveYrFixedRateEBondPage" time="7.613" classname="com.virginmoney.FiveYrFixedRateEBondTest"/>
  <testcase name="canGoToSavingsToBuyPage" time="7.588" classname="com.virginmoney.SavingsToBuyTest"/>
  <testcase name="canGoTo1YrFRCEISAPage" time="7.868" classname="com.virginmoney.OneYrFixedRateCashEISATest"/>
  <testcase name="canValidateDoubleTakeEISALink" time="17.679" classname="com.virginmoney.OneYrFixedRateCashEISATest"/>
  <testcase name="canValidateIsaTransferLink" time="9.523" classname="com.virginmoney.OneYrFixedRateCashEISATest"/>
  <testcase name="canValidateRateCard" time="8.299" classname="com.virginmoney.OneYrFixedRateCashEISATest"/>
  <testcase name="canValidateShortIntro" time="9.292" classname="com.virginmoney.OneYrFixedRateCashEISATest"/>
  <testcase name="canGoToDoubleTakeEISAPage" time="8.128" classname="com.virginmoney.DoubleTakeEISATest"/>
  <testcase name="canGoToManUtdDoubleTakeESaverPage" time="8.562" classname="com.virginmoney.ManUtdDoubleTakeESaverTest"/>
</testsuite> <!-- Test -->
