<?xml version="1.0" encoding="UTF-8"?>
<!-- Generated by org.testng.reporters.JUnitXMLReporter -->
<testsuite hostname="Latitude" ignored="0" name="Default test" tests="5" failures="0" timestamp="30 Sep 2018 23:39:16 GMT" time="50.876" errors="0">
  <testcase name="canGoTo1YrFRCEISAPage" time="10.71" classname="com.virginmoney.OneYrFixedRateCashEISATest"/>
  <testcase name="canValidateDoubleTakeEISALink" time="9.853" classname="com.virginmoney.OneYrFixedRateCashEISATest"/>
  <testcase name="canValidateIsaTransferLink" time="10.124" classname="com.virginmoney.OneYrFixedRateCashEISATest"/>
  <testcase name="canValidateRateCard" time="8.297" classname="com.virginmoney.OneYrFixedRateCashEISATest"/>
  <testcase name="canValidateShortIntro" time="8.361" classname="com.virginmoney.OneYrFixedRateCashEISATest"/>
</testsuite> <!-- Default test -->
